<?xml version="1.0" encoding="UTF-8"?>
<!-- Generated by org.testng.reporters.JUnitReportReporter -->
<testsuite hostname="DESKTOP-QO331HE" failures="0" tests="4" name="Automate_Hotwire.Automate_Hotwire.Demo" time="11.221" errors="0" timestamp="2021-06-13T21:03:42 IST" skipped="0">
  <testcase classname="Automate_Hotwire.Automate_Hotwire.Demo" name="launchWebSite" time="11.093"/>
  <system-out/>
  <testcase classname="Automate_Hotwire.Automate_Hotwire.Demo" name="test1" time="0.002"/>
  <system-out/>
  <testcase classname="Automate_Hotwire.Automate_Hotwire.Demo" name="test2" time="0.001"/>
  <system-out/>
  <testcase classname="Automate_Hotwire.Automate_Hotwire.Demo" name="test3" time="0.125"/>
  <system-out/>
</testsuite> <!-- Automate_Hotwire.Automate_Hotwire.Demo -->
