<?xml version="1.0" encoding="UTF-8"?>
<!-- Generated by org.testng.reporters.JUnitReportReporter -->
<testsuite skipped="0" hostname="MIDDA" name="Automate_Hotwire.Automate_Hotwire.AppTest" tests="8" failures="0" timestamp="17 Feb 2020 13:59:07 GMT" time="41.092" errors="0">
  <testcase name="launchWebSite" time="21.171" classname="Automate_Hotwire.Automate_Hotwire.AppTest"/>
  <testcase name="clickVacations" time="8.127" classname="Automate_Hotwire.Automate_Hotwire.AppTest"/>
  <testcase name="selectOptions" time="0.271" classname="Automate_Hotwire.Automate_Hotwire.AppTest"/>
  <testcase name="selectFrom" time="1.999" classname="Automate_Hotwire.Automate_Hotwire.AppTest"/>
  <testcase name="selectTo" time="1.479" classname="Automate_Hotwire.Automate_Hotwire.AppTest"/>
  <testcase name="selectDate" time="1.009" classname="Automate_Hotwire.Automate_Hotwire.AppTest"/>
  <testcase name="selectZone" time="1.082" classname="Automate_Hotwire.Automate_Hotwire.AppTest"/>
  <testcase name="findingDeal" time="5.954" classname="Automate_Hotwire.Automate_Hotwire.AppTest"/>
</testsuite> <!-- Automate_Hotwire.Automate_Hotwire.AppTest -->
